[    0.000000] Initializing cgroup subsys cpuset
[    0.000000] Initializing cgroup subsys cpu
[    0.000000] Initializing cgroup subsys cpuacct
[    0.000000] Linux version 4.4.0-133-generic (buildd@lgw01-amd64-029) (gcc version 5.4.0 20160609 (Ubuntu 5.4.0-6ubuntu1~16.04.10) ) #159-Ubuntu SMP Fri Aug 00 07:31:43 UTC 2018 (Ubuntu 4.4.0-133.159-generic 4.4.134)
[    0.000000] Command line: BOOT_IMAGE=/boot/vmlinuz-4.4.0-133-generic root=LABEL=cloudimg-rootfs ro console=tty1 console=ttyS0
[    0.000000] KERNEL supported cpus:
[    0.000000]   Intel GenuineIntel
[    0.000000]   AMD AuthenticAMD
[    0.000000]   Centaur CentaurHauls
[   00.000000] x86/fpu: xstate_offset[2]:  576, xstate_sizes[2]:  256
[    0.000000] x86/fpu: Supporting XSAVE feature 0x01: 'x87 floating point registers'
[    0.000000] x86/fpu: Supporting XSAVE feature 0x02: 'SSE registers'
[    0.000000] x86/fpu: Supporting XSAVE feature 0x04: 'AVX registers'
[    0.000000] x86/fpu: Enabled xstate features 0x7, context size is 832 bytes, using 'standard' format.
[    0.000000] x86/fpu: Using 'eager' FPU context switches.
[    0.000000] e820: BIOS-provided physical RAM map:
[    0.000000] BIOS-e820: [mem 0x0000000000000000-0x000000000009fbff] usable
[    0.000000] BIOS-e820: [mem 0x000000000009fc00-0x000000000009ffff] reserved
[    0.000000] BIOS-e820: [mem 0x00000000000f0000-0x00000000000fffff] reserved
[    0.000000] BIOS-e820: [mem 0x0000000000100000-0x000000001ffeffff] usable
[    0.000000] BIOS-e820: [mem 0x000000001fff0000-0x000000001fffffff] ACPI data
[    0.000000] BIOS-e820: [mem 0x00000000fec00000-0x00000000fec00fff] reserved
[    0.000000] BIOS-e820: [mem 0x00000000fee00000-0x00000000fee00fff] reserved
[    0.000000] BIOS-e820: [mem 0x00000000fffc0000-0x00000000ffffffff] reserved
[    0.000000] NX (Execute Disable) protection: active
[    0.000000] SMBIOS 2.5 present.
[    0.000000] Hypervisor detected: KVM
[    0.000000] e820: last_pfn = 0x1fff0 max_arch_pfn = 0x400000000
[    0.000000] MTRR: Disabled
[    0.000000] x86/PAT: MTRRs disabled, skipping PAT initialization too.
[    0.000000] CPU MTRRs all blank - virtualized system.
[    0.000000] x86/PAT: Configuration [0-7]: WB  WT  UC- UC  WB  WT  UC- UC  
[    0.000000] found SMP MP-table at [mem 0x0009fff0-0x0009ffff] mapped at [ffff88000009fff0]
[    0.000000] Scanning 1 areas for low memory corruption
[    0.000000] RAMDISK: [mem 0x1e8d4000-0x1f745fff]
[    0.000000] ACPI: Early table checksum verification disabled
[    0.000000] ACPI: RSDP 0x00000000000E0000 000024 (v02 VBOX  )
[    0.000000] ACPI: XSDT 0x000000001FFF0030 00003C (v01 VBOX   VBOXXSDT 00000001 ASL  00000061)
[    0.000000] ACPI: FACP 0x000000001FFF00F0 0000F4 (v04 VBOX   VBOXFACP 00000001 ASL  00000061)
[    0.000000] ACPI: DSDT 0x000000001FFF0470 0021FF (v02 VBOX   VBOXBIOS 00000002 INTL 20100528)
[    0.000000] ACPI: FACS 0x000000001FFF0200 000040
[    0.000000] ACPI: FACS 0x000000001FFF0200 000040
[    0.000000] ACPI: APIC 0x000000001FFF0240 000054 (v02 VBOX   VBOXAPIC 00000001 ASL  00000061)
[    0.000000] ACPI: SSDT 0x000000001FFF02A0 0001CC (v01 VBOX   VBOXCPUT 00000002 INTL 20100528)
[    0.000000] No NUMA configuration found
[    0.000000] Faking a node at [mem 0x0000000000000000-0x000000001ffeffff]
[    0.000000] NODE_DATA(0) allocated [mem 0x1ffeb000-0x1ffeffff]
[    0.000000] kvm-clock: Using msrs 4b564d01 and 4b564d00
[    0.000000] kvm-clock: cpu 0, msr 0:1ffe3001, primary cpu clock
[    0.000000] kvm-clock: using sched offset of 3522041554 cycles
[    0.000000] clocksource: kvm-clock: mask: 0xffffffffffffffff max_cycles: 0x1cd42e4dffb, max_idle_ns: 881590591483 ns
[    0.000000] Zone ranges:
[    0.000000]   DMA      [mem 0x0000000000001000-0x0000000000ffffff]
[    0.000000]   DMA32    [mem 0x0000000001000000-0x000000001ffeffff]
[    0.000000]   Normal   empty
[    0.000000]   Device   empty
[    0.000000] Movable zone start for each node
[    0.000000] Early memory node ranges
[    0.000000]   node   0: [mem 0x0000000000001000-0x000000000009efff]
[    0.000000]   node   0: [mem 0x0000000000100000-0x000000001ffeffff]
[    0.000000] Initmem setup node 0 [mem 0x0000000000001000-0x000000001ffeffff]
[    0.000000] ACPI: PM-Timer IO Port: 0x4008
[    0.000000] IOAPIC[0]: apic_id 1, version 32, address 0xfec00000, GSI 0-23
[    0.000000] ACPI: INT_SRC_OVR (bus 0 bus_irq 0 global_irq 2 dfl dfl)
[    0.000000] ACPI: INT_SRC_OVR (bus 0 bus_irq 9 global_irq 9 low level)
[    0.000000] Using ACPI (MADT) for SMP configuration information
[    0.000000] smpboot: Allowing 1 CPUs, 0 hotplug CPUs
[    0.000000] PM: Registered nosave memory: [mem 0x00000000-0x00000fff]
[    0.000000] PM: Registered nosave memory: [mem 0x0009f000-0x0009ffff]
[    0.000000] PM: Registered nosave memory: [mem 0x000a0000-0x000effff]
[    0.000000] PM: Registered nosave memory: [mem 0x000f0000-0x000fffff]
[    0.000000] e820: [mem 0x20000000-0xfebfffff] available for PCI devices
[    0.000000] Booting paravirtualized kernel on KVM
[    0.000000] clocksource: refined-jiffies: mask: 0xffffffff max_cycles: 0xffffffff, max_idle_ns: 7645519600211568 ns
[    0.000000] setup_percpu: NR_CPUS:512 nr_cpumask_bits:512 nr_cpu_ids:1 nr_node_ids:1
[    0.000000] PERCPU: Embedded 34 pages/cpu @ffff88001fc00000 s99544 r8192 d31528 u2097152
[    0.000000] PV qspinlock hash table entries: 256 (order: 0, 4096 bytes)
[    0.000000] Built 1 zonelists in Node order, mobility grouping on.  Total pages: 128888
[    0.000000] Policy zone: DMA32
[    0.000000] Kernel command line: BOOT_IMAGE=/boot/vmlinuz-4.4.0-133-generic root=LABEL=cloudimg-rootfs ro console=tty1 console=ttyS0
[    0.000000] PID hash table entries: 2048 (order: 2, 16384 bytes)
[    0.000000] Memory: 481768K/523832K available (8550K kernel code, 1314K rwdata, 4004K rodata, 1528K init, 1316K bss, 42064K reserved, 0K cma-reserved)
[    0.000000] SLUB: HWalign=64, Order=0-3, MinObjects=0, CPUs=1, Nodes=1
[    0.000000] Kernel/User page tables isolation: enabled
[    0.000000] Hierarchical RCU implementation.
[    0.000000] 	Build-time adjustment of leaf fanout to 64.
[    0.000000] 	RCU restricting CPUs from NR_CPUS=512 to nr_cpu_ids=1.
[    0.000000] RCU: Adjusting geometry for rcu_fanout_leaf=64, nr_cpu_ids=1
[    0.000000] NR_IRQS:33024 nr_irqs:256 16
[    0.000000] Console: colour VGA+ 80x25
[    0.000000] console [tty1] enabled
[    0.000000] console [ttyS0] enabled
[    0.000000] tsc: Detected 2294.770 MHz processor
[    1.961118] Calibrating delay loop (skipped) preset value.. 4589.54 BogoMIPS (lpj=9179080)
[    2.003632] pid_max: default: 32768 minimum: 301
[    2.017040] ACPI: Core revision 20150930
[    2.043079] ACPI: 2 ACPI AML tables successfully acquired and loaded
[    2.091754] Security Framework initialized
[    2.101108] Yama: becoming mindful.
[    2.135641] AppArmor: AppArmor initialized
[    2.143817] Dentry cache hash table entries: 65536 (order: 7, 524288 bytes)
[    2.164685] Inode-cache hash table entries: 32768 (order: 6, 262144 bytes)
[    2.183804] Mount-cache hash table entries: 1024 (order: 1, 8192 bytes)
[    2.186787] Mountpoint-cache hash table entries: 1024 (order: 1, 8192 bytes)
[    2.217937] Initializing cgroup subsys io
[    2.241792] Initializing cgroup subsys memory
[    2.253290] Initializing cgroup subsys devices
[    2.261312] Initializing cgroup subsys freezer
[    2.268538] Initializing cgroup subsys net_cls
[    2.275440] Initializing cgroup subsys perf_event
[    2.282602] Initializing cgroup subsys net_prio
[    2.289749] Initializing cgroup subsys hugetlb
[    2.298712] Initializing cgroup subsys pids
[    2.310459] mce: CPU supports 0 MCE banks
[    2.318936] process: using mwait in idle threads
[    2.326822] Last level iTLB entries: 4KB 512, 2MB 8, 4MB 8
[    2.328873] Last level dTLB entries: 4KB 512, 2MB 32, 4MB 32, 1GB 0
[    2.331745] Spectre V2 : Mitigation: Full generic retpoline
[    2.334271] Spectre V2 : Speculation control IBPB not-supported IBRS not-supported
[    2.335952] Speculative Store Bypass: Vulnerable
[    2.378860] Freeing SMP alternatives memory: 32K
[    2.423905] ftrace: allocating 32262 entries in 127 pages
[    2.513907] smpboot: APIC(0) Converting physical 0 to logical package 0
[    2.548171] smpboot: Max logical packages: 1
[    2.549895] x2apic enabled
[    2.594010] Switched APIC routing to physical x2apic.
[    2.597114] ..TIMER: vector=0x30 apic1=0 pin1=2 apic2=-1 pin2=-1
[    2.724000] smpboot: CPU0: Intel(R) Core(TM) i5-3427U CPU @ 1.80GHz (family: 0x6, model: 0x3a, stepping: 0x9)
[    2.771206] Performance Events: unsupported p6 CPU model 58 no PMU driver, software events only.
[    2.783193] KVM setup paravirtual spinlock
[    2.785299] x86: Booted up 1 node, 1 CPUs
[    2.791008] smpboot: Total of 1 processors activated (4589.54 BogoMIPS)
[    2.814002] devtmpfs: initialized
[    2.865578] evm: security.selinux
[    2.881987] evm: security.SMACK64
[    2.890200] evm: security.SMACK64EXEC
[    2.928924] evm: security.SMACK64TRANSMUTE
[    2.931073] evm: security.SMACK64MMAP
[    2.934224] evm: security.ima
[    2.935114] evm: security.capability
[    2.959108] clocksource: jiffies: mask: 0xffffffff max_cycles: 0xffffffff, max_idle_ns: 7645041785100000 ns
[    2.976216] futex hash table entries: 256 (order: 2, 16384 bytes)
[    2.997064] pinctrl core: initialized pinctrl subsystem
[    2.998887] RTC time: 11:20:40, date: 08/23/18
[    3.011657] NET: Registered protocol family 16
[    3.013578] cpuidle: using governor ladder
[    3.016236] cpuidle: using governor menu
[    3.051990] PCCT header not found.
[    3.077450] ACPI: bus type PCI registered
[    3.097515] acpiphp: ACPI Hot Plug PCI Controller Driver version: 0.5
[    3.206459] PCI: Using configuration type 1 for base access
[    3.236802] ACPI: Added _OSI(Module Device)
[    3.265131] ACPI: Added _OSI(Processor Device)
[    3.266602] ACPI: Added _OSI(3.0 _SCP Extensions)
[    3.268161] ACPI: Added _OSI(Processor Aggregator Device)
[    3.270606] ACPI: Executed 1 blocks of module-level executable AML code
[    3.368562] ACPI: Interpreter enabled
[    3.383724] ACPI: (supports S0 S5)
[    3.389747] ACPI: Using IOAPIC for interrupt routing
[    3.399336] PCI: Using host bridge windows from ACPI; if necessary, use "pci=nocrs" and report a bug
[    3.421743] ACPI: PCI Root Bridge [PCI0] (domain 0000 [bus 00-ff])
[    3.438441] acpi PNP0A03:00: _OSC: OS supports [ASPM ClockPM Segments MSI]
[    3.447622] acpi PNP0A03:00: _OSC: not requesting OS control; OS requires [ExtendedConfig ASPM ClockPM MSI]
[    3.491560] acpi PNP0A03:00: fail to add MMCONFIG information, can't access extended PCI configuration space under this bridge.
[    3.536319] PCI host bridge to bus 0000:00
[    3.544381] pci_bus 0000:00: root bus resource [io  0x0000-0x0cf7 window]
[    3.593785] pci_bus 0000:00: root bus resource [io  0x0d00-0xffff window]
[    3.599962] pci_bus 0000:00: root bus resource [mem 0x000a0000-0x000bffff window]
[    3.613243] pci_bus 0000:00: root bus resource [mem 0x20000000-0xfdffffff window]
[    3.645870] pci_bus 0000:00: root bus resource [bus 00-ff]
[    3.662459] pci 0000:00:01.1: legacy IDE quirk: reg 0x10: [io  0x01f0-0x01f7]
[    3.680642] pci 0000:00:01.1: legacy IDE quirk: reg 0x14: [io  0x03f6]
[    3.711971] pci 0000:00:01.1: legacy IDE quirk: reg 0x18: [io  0x0170-0x0177]
[    3.744400] pci 0000:00:01.1: legacy IDE quirk: reg 0x1c: [io  0x0376]
[    3.763770] pci 0000:00:07.0: quirk: [io  0x4000-0x403f] claimed by PIIX4 ACPI
[    3.814847] pci 0000:00:07.0: quirk: [io  0x4100-0x410f] claimed by PIIX4 SMB
[    3.865825] ACPI: PCI Interrupt Link [LNKA] (IRQs 5 9 10 *11)
[    3.930008] ACPI: PCI Interrupt Link [LNKB] (IRQs 5 9 *10 11)
[    3.973597] ACPI: PCI Interrupt Link [LNKC] (IRQs 5 *9 10 11)
[    4.030798] ACPI: PCI Interrupt Link [LNKD] (IRQs 5 9 10 *11)
[    4.143248] ACPI: Enabled 2 GPEs in block 00 to 07
[    4.231337] vgaarb: setting as boot device: PCI:0000:00:02.0
[    4.234322] vgaarb: device added: PCI:0000:00:02.0,decodes=io+mem,owns=io+mem,locks=none
[    4.262338] vgaarb: loaded
[    4.305662] vgaarb: bridge control possible 0000:00:02.0
[    4.430831] SCSI subsystem initialized
[    4.472871] ACPI: bus type USB registered
[    4.505128] usbcore: registered new interface driver usbfs
[    4.516620] usbcore: registered new interface driver hub
[    4.522906] usbcore: registered new device driver usb
[    4.543668] PCI: Using ACPI for IRQ routing
[    4.552403] NetLabel: Initializing
[    4.556741] NetLabel:  domain hash size = 128
[    4.565823] NetLabel:  protocols = UNLABELED CIPSOv4
[    4.571845] NetLabel:  unlabeled traffic allowed by default
[    4.587056] amd_nb: Cannot enumerate AMD northbridges
[    4.629415] clocksource: Switched to clocksource kvm-clock
[    4.642381] AppArmor: AppArmor Filesystem Enabled
[    4.670447] pnp: PnP ACPI init
[    4.691261] pnp: PnP ACPI: found 3 devices
[    4.710925] clocksource: acpi_pm: mask: 0xffffff max_cycles: 0xffffff, max_idle_ns: 2085701024 ns
[    4.733156] NET: Registered protocol family 2
[    4.735023] TCP established hash table entries: 4096 (order: 3, 32768 bytes)
[    4.753399] TCP bind hash table entries: 4096 (order: 4, 65536 bytes)
[    4.791907] TCP: Hash tables configured (established 4096 bind 4096)
[    4.881033] UDP hash table entries: 256 (order: 1, 8192 bytes)
[    4.929742] UDP-Lite hash table entries: 256 (order: 1, 8192 bytes)
[    4.954325] NET: Registered protocol family 1
[    4.955799] pci 0000:00:00.0: Limiting direct PCI/PCI transfers
[    4.957704] pci 0000:00:01.0: Activating ISA DMA hang workarounds
[    4.959815] Unpacking initramfs...
[    5.293304] Freeing initrd memory: 14792K
[    5.304412] RAPL PMU detected, API unit is 2^-32 Joules, 3 fixed counters 10737418240 ms ovfl timer
[    5.347259] hw unit of domain pp0-core 2^-0 Joules
[    5.368526] hw unit of domain package 2^-0 Joules
[    5.389465] hw unit of domain pp1-gpu 2^-0 Joules
[    5.421699] platform rtc_cmos: registered platform RTC device (no PNP device found)
[    5.492868] Scanning for low memory corruption every 60 seconds
[    5.534377] audit: initializing netlink subsys (disabled)
[    5.580918] audit: type=2000 audit(1535023244.020:1): initialized
[    5.597839] Initialise system trusted keyring
[    5.634840] HugeTLB registered 2 MB page size, pre-allocated 0 pages
[    5.654141] zbud: loaded
[    5.673326] VFS: Disk quotas dquot_6.6.0
[    5.689134] VFS: Dquot-cache hash table entries: 512 (order 0, 4096 bytes)
[    5.703333] squashfs: version 4.0 (2009/01/31) Phillip Lougher
[    5.721018] fuse init (API version 7.23)
[    5.728558] Key type big_key registered
[    5.735225] Allocating IMA MOK and blacklist keyrings.
[    5.796174] Key type asymmetric registered
[    5.803837] Asymmetric key parser 'x509' registered
[    5.871456] Block layer SCSI generic (bsg) driver version 0.4 loaded (major 249)
[    5.873857] io scheduler noop registered
[    5.902793] io scheduler deadline registered (default)
[    5.909858] io scheduler cfq registered
[    5.930340] pci_hotplug: PCI Hot Plug PCI Core version: 0.5
[    5.941920] pciehp: PCI Express Hot Plug Controller Driver version: 0.4
[    5.947544] ACPI: AC Adapter [AC] (on-line)
[    5.955206] input: Power Button as /devices/LNXSYSTM:00/LNXPWRBN:00/input/input0
[    5.957683] ACPI: Power Button [PWRF]
[    5.959971] input: Sleep Button as /devices/LNXSYSTM:00/LNXSLPBN:00/input/input1
[    5.972779] ACPI: Sleep Button [SLPF]
[    5.983437] ACPI: Battery Slot [BAT0] (battery present)
[    6.003623] GHES: HEST is not enabled!
[    6.014239] Serial: 8250/16550 driver, 32 ports, IRQ sharing enabled
[    6.059147] 00:02: ttyS0 at I/O 0x3f8 (irq = 4, base_baud = 115200) is a 16550A
[    6.083861] Linux agpgart interface v0.103
[    6.093288] loop: module loaded
[    6.115022] scsi host0: ata_piix
[    6.127290] scsi host1: ata_piix
[    6.140564] ata1: PATA max UDMA/33 cmd 0x1f0 ctl 0x3f6 bmdma 0xd000 irq 14
[    6.151619] ata2: PATA max UDMA/33 cmd 0x170 ctl 0x376 bmdma 0xd008 irq 15
[    6.157121] libphy: Fixed MDIO Bus: probed
[    6.161443] tun: Universal TUN/TAP device driver, 1.6
[    6.167054] tun: (C) 1999-2004 Max Krasnyansky <maxk@qualcomm.com>
[    6.169088] PPP generic driver version 2.4.2
[    6.174346] ehci_hcd: USB 2.0 'Enhanced' Host Controller (EHCI) Driver
[    6.189648] ehci-pci: EHCI PCI platform driver
[    6.192837] ehci-platform: EHCI generic platform driver
[    6.194432] ohci_hcd: USB 1.1 'Open' Host Controller (OHCI) Driver
[    6.196390] ohci-pci: OHCI PCI platform driver
[    6.197882] ohci-platform: OHCI generic platform driver
[    6.200870] uhci_hcd: USB Universal Host Controller Interface driver
[    6.213380] i8042: PNP: PS/2 Controller [PNP0303:PS2K,PNP0f03:PS2M] at 0x60,0x64 irq 1,12
[    6.242880] serio: i8042 KBD port at 0x60,0x64 irq 1
[    6.259836] serio: i8042 AUX port at 0x60,0x64 irq 12
[    6.273933] mousedev: PS/2 mouse device common for all mice
[    6.278490] input: AT Translated Set 2 keyboard as /devices/platform/i8042/serio0/input/input2
[    6.295394] rtc_cmos rtc_cmos: rtc core: registered rtc_cmos as rtc0
[    6.309456] rtc_cmos rtc_cmos: alarms up to one day, 114 bytes nvram
[    6.312348] i2c /dev entries driver
[    6.319103] device-mapper: uevent: version 1.0.3
[    6.320766] device-mapper: ioctl: 4.34.0-ioctl (2015-10-28) initialised: dm-devel@redhat.com
[    6.332403] ledtrig-cpu: registered to indicate activity on CPUs
[    6.341200] NET: Registered protocol family 10
[    6.344049] NET: Registered protocol family 17
[    6.354650] Key type dns_resolver registered
[    6.363646] registered taskstats version 1
[    6.371931] Loading compiled-in X.509 certificates
[    6.399557] Loaded X.509 cert 'Build time autogenerated kernel key: 2bd7eec8ea2fedbeeda78e0b663eb647cf617c40'
[    6.424269] tsc: Refined TSC clocksource calibration: 2294.982 MHz
[    6.441055] clocksource: tsc: mask: 0xffffffffffffffff max_cycles: 0x2114b0c27e8, max_idle_ns: 440795203347 ns
[    6.453095] zswap: loaded using pool lzo/zbud
[    6.464108] Key type trusted registered
[    6.471199] Key type encrypted registered
[    6.475380] AppArmor: AppArmor sha1 policy hashing enabled
[    6.479377] ima: No TPM chip found, activating TPM-bypass!
[    6.481279] ima: Allocated hash algorithm: sha1
[    6.491663] evm: HMAC attrs: 0x1
[    6.493724]   Magic number: 14:178:328
[    6.540198] rtc_cmos rtc_cmos: setting system clock to 2018-08-23 11:20:44 UTC (1535023244)
[    6.563545] BIOS EDD facility v0.16 2004-Jun-25, 0 devices found
[    6.572551] EDD information not available.
[    6.575431] Freeing unused kernel memory: 1528K
[    6.598071] Write protecting the kernel read-only data: 14336k
[    6.621931] Freeing unused kernel memory: 1676K
[    6.631907] Freeing unused kernel memory: 92K
Loading, please wait...
starting version 229
[    6.666994] random: udevadm: uninitialized urandom read (16 bytes read, 3 bits of entropy available)
[    6.671477] random: systemd-udevd: uninitialized urandom read (16 bytes read, 3 bits of entropy available)
[    6.676864] random: systemd-udevd: uninitialized urandom read (16 bytes read, 3 bits of entropy available)
[    6.709359] random: udevadm: uninitialized urandom read (16 bytes read, 3 bits of entropy available)
[    6.741620] random: systemd-udevd: uninitialized urandom read (16 bytes read, 3 bits of entropy available)
[    6.771341] random: udevadm: uninitialized urandom read (16 bytes read, 3 bits of entropy available)
[    6.783096] random: systemd-udevd: uninitialized urandom read (16 bytes read, 3 bits of entropy available)
[    6.805319] random: udevadm: uninitialized urandom read (16 bytes read, 3 bits of entropy available)
[    6.817012] random: udevadm: uninitialized urandom read (16 bytes read, 3 bits of entropy available)
[    6.830918] random: udevadm: uninitialized urandom read (16 bytes read, 3 bits of entropy available)
[    7.015615] e1000: Intel(R) PRO/1000 Network Driver - version 7.3.21-k8-NAPI
[    7.034891] e1000: Copyright (c) 1999-2006 Intel Corporation.
[    7.053998] Fusion MPT base driver 3.04.20
[    7.062226] Copyright (c) 1999-2008 LSI Corporation
[    7.116848] AVX version of gcm_enc/dec engaged.
[    7.122621] AES CTR mode by8 optimization enabled
[    7.159399] Fusion MPT SPI Host driver 3.04.20
[    7.288438] input: ImExPS/2 Generic Explorer Mouse as /devices/platform/i8042/serio1/input/input4
[    7.670027] e1000 0000:00:03.0 eth0: (PCI:33MHz:32-bit) 02:48:3e:15:b5:0c
[    7.681987] e1000 0000:00:03.0 eth0: Intel(R) PRO/1000 Network Connection
[    7.691318] mptbase: ioc0: Initiating bringup
[    7.758251] ioc0: LSI53C1030 A0: Capabilities={Initiator}
[    7.923708] scsi host2: ioc0: LSI53C1030 A0, FwRev=00000000h, Ports=1, MaxQ=256, IRQ=20
[    8.123464] scsi 2:0:0:0: Direct-Access     VBOX     HARDDISK         1.0  PQ: 0 ANSI: 5
[    8.163867] scsi target2:0:0: Beginning Domain Validation
[    8.255020] scsi target2:0:0: Domain Validation skipping write tests
[    8.275976] scsi target2:0:0: Ending Domain Validation
[    8.305579] scsi target2:0:0: asynchronous
[    8.345052] scsi 2:0:1:0: Direct-Access     VBOX     HARDDISK         1.0  PQ: 0 ANSI: 5
[    8.377081] scsi target2:0:1: Beginning Domain Validation
[    8.487155] scsi target2:0:1: Domain Validation skipping write tests
[    8.496362] scsi target2:0:1: Ending Domain Validation
[    8.526655] scsi target2:0:1: asynchronous
[    8.660413] sd 2:0:0:0: Attached scsi generic sg0 type 0
[    8.669058] sd 2:0:0:0: [sda] 20971520 512-byte logical blocks: (10.7 GB/10.0 GiB)
[    8.675205] sd 2:0:0:0: [sda] Write Protect is off
[    8.681289] sd 2:0:1:0: [sdb] 20480 512-byte logical blocks: (10.5 MB/10.0 MiB)
[    8.713812] sd 2:0:1:0: Attached scsi generic sg1 type 0
[    8.723476] sd 2:0:0:0: [sda] Incomplete mode parameter data
[    8.737578] sd 2:0:0:0: [sda] Assuming drive cache: write through
[    8.757795] e1000 0000:00:08.0 eth1: (PCI:33MHz:32-bit) 08:00:27:bb:8c:d7
[    8.764749] e1000 0000:00:08.0 eth1: Intel(R) PRO/1000 Network Connection
[    8.785315] sd 2:0:1:0: [sdb] Write Protect is off
[    8.792974]  sda: sda1
[    8.804828] sd 2:0:1:0: [sdb] Incomplete mode parameter data
[    8.815145] sd 2:0:1:0: [sdb] Assuming drive cache: write through
[    8.834903] sd 2:0:0:0: [sda] Attached SCSI disk
[    8.883317] sd 2:0:1:0: [sdb] Attached SCSI disk
[    9.433006] e1000 0000:00:09.0 eth2: (PCI:33MHz:32-bit) 08:00:27:9a:0a:74
[    9.441978] e1000 0000:00:09.0 eth2: Intel(R) PRO/1000 Network Connection
[    9.448055] e1000 0000:00:09.0 enp0s9: renamed from eth2
[    9.465393] e1000 0000:00:08.0 enp0s8: renamed from eth1
[    9.480339] e1000 0000:00:03.0 enp0s3: renamed from eth0
Begin: Loading essential drivers ... [   10.907113] md: linear personality registered for level -1
[   10.932544] md: multipath personality registered for level -4
[   10.947235] md: raid0 personality registered for level 0
[   10.960287] md: raid1 personality registered for level 1
[   11.091165] raid6: sse2x1   gen()  7203 MB/s
[   11.181632] raid6: sse2x1   xor()  4958 MB/s
[   11.261472] raid6: sse2x2   gen()  7317 MB/s
[   11.337454] raid6: sse2x2   xor()  5511 MB/s
[   11.409459] raid6: sse2x4   gen()  8850 MB/s
[   11.485559] raid6: sse2x4   xor()  6587 MB/s
[   11.512628] raid6: using algorithm sse2x4 gen() 8850 MB/s
[   11.534306] raid6: .... xor() 6587 MB/s, rmw enabled
[   11.536058] raid6: using ssse3x2 recovery algorithm
[   11.558872] xor: automatically using best checksumming function:
[   11.605535]    avx       :  7938.000 MB/sec
[   11.616518] async_tx: api initialized (async)
[   11.661815] md: raid6 personality registered for level 6
[   11.695703] md: raid5 personality registered for level 5
[   11.706298] md: raid4 personality registered for level 4
[   11.722788] md: raid10 personality registered for level 10
done.
Begin: Running /scripts/init-premount ... done.
Begin: Mounting root file system ... Begin: Running /scripts/local-top ... done.
Begin: Running /scripts/local-premount ... [   11.797775] Btrfs loaded
Scanning for Btrfs filesystems
done.
Warning: fsck not present, so sk[   11.850154] EXT4-fs (sda1): mounted filesystem with ordered data mode. Opts: (null)
ipping root file system
done.
Begin: Running /scripts/local-bottom ... done.
Begin: Running /scripts/init-bottom ... done.
[   12.015109] systemd[1]: systemd 229 running in system mode. (+PAM +AUDIT +SELINUX +IMA +APPARMOR +SMACK +SYSVINIT +UTMP +LIBCRYPTSETUP +GCRYPT +GNUTLS +ACL +XZ -LZ4 +SECCOMP +BLKID +ELFUTILS +KMOD -IDN)
[   12.037835] systemd[1]: Detected virtualization oracle.
[   12.061710] systemd[1]: Detected architecture x86-64.

Welcome to [1mUbuntu 16.04.5 LTS[0m!

[   12.137834] systemd[1]: Set hostname to <islr>.
[   12.454064] systemd[1]: Listening on Journal Socket.
[[0;32m  OK  [0m] Listening on Journal Socket.
[   12.467247] systemd[1]: Reached target Swap.
[[0;32m  OK  [0m] Reached target Swap.
[   12.486755] systemd[1]: Started Trigger resolvconf update for networkd DNS.
[[0;32m  OK  [0m] Started Trigger resolvconf update for networkd DNS.
[   12.526248] systemd[1]: Started Forward Password Requests to Wall Directory Watch.
[[0;32m  OK  [0m] Started Forward Password Requests to Wall Directory Watch.
[   12.563539] systemd[1]: Listening on Syslog Socket.
[[0;32m  OK  [0m] Listening on Syslog Socket.
[   12.590723] systemd[1]: Reached target Encrypted Volumes.
[[0;32m  OK  [0m] Reached target Encrypted Volumes.
[   12.637933] systemd[1]: Listening on /dev/initctl Compatibility Named Pipe.
[[0;32m  OK  [0m] Listening on /dev/initctl Compatibility Named Pipe.
[   12.668723] systemd[1]: Listening on Device-mapper event daemon FIFOs.
[[0;32m  OK  [0m] Listening on Device-mapper event daemon FIFOs.
[   12.710274] systemd[1]: Listening on Journal Audit Socket.
[[0;32m  OK  [0m] Listening on Journal Audit Socket.
[   12.746135] systemd[1]: Listening on Journal Socket (/dev/log).
[[0;32m  OK  [0m] Listening on Journal Socket (/dev/log).
[   12.798449] systemd[1]: Reached target User and Group Name Lookups.
[[0;32m  OK  [0m] Reached target User and Group Name Lookups.
[   12.865940] systemd[1]: Listening on udev Control Socket.
[[0;32m  OK  [0m] Listening on udev Control Socket.
[   12.902523] systemd[1]: Created slice User and Session Slice.
[[0;32m  OK  [0m] Created slice User and Session Slice.
[   12.950562] systemd[1]: Set up automount Arbitrary Executable File Formats File System Automount Point.
[[0;32m  OK  [0m] Set up automount Arbitrary Executab...ats File System Automount Point.
[   12.970653] systemd[1]: Reached target System Time Synchronized.
[[0;32m  OK  [0m] Reached target System Time Synchronized.
[   12.994800] systemd[1]: Created slice System Slice.
[[0;32m  OK  [0m] Created slice System Slice.
[   13.035098] systemd[1]: Starting Uncomplicated firewall...
         Starting Uncomplicated firewall...
[   13.070960] systemd[1]: Mounting RPC Pipe File System...
         Mounting RPC Pipe File System...
[   13.154631] systemd[1]: Created slice system-serial\x2dgetty.slice.
[[0;32m  OK  [0m] Created slice[   13.194653] RPC: Registered named UNIX socket transport module.
 system-serial\x[   13.235624] RPC: Registered udp transport module.
2dgetty.slice.
[   13.259773] RPC: Registered tcp transport module.
[   13.283709] RPC: Registered tcp NFSv4.1 backchannel transport module.
[   13.325782] systemd[1]: Starting Journal Service...
         Starting Journal Service...
[   13.339967] systemd[1]: Mounting POSIX Message Queue File System...
         Mounting POSIX Message Queue File System...
[   13.380511] systemd[1]: Starting Load Kernel Modules...
         [   13.397808] Loading iSCSI transport class v2.0-870.
Starting Load Kernel Modules...[   13.413492] iscsi: registered transport (tcp)

[   13.432951] systemd[1]: Starting Set console keymap...
         Starting Set console keymap...
[   13.446063] systemd[1]: Mounting Debug File System...
[   13.485232] random: nonblocking pool is initialized
         Mounting Debug File System...
[   13.555239] systemd[1]: Mounting Huge Pages File System...
[   13.629615] iscsi: registered transport (iser)
         Mounting Huge Pages File System...
[   13.662176] systemd[1]: Starting Remount Root and Kernel File Systems...
         [   13.701046] EXT4-fs (sda1): re-mounted. Opts: (null)
Starting Remount Root and Kernel File Systems...
[   13.742978] systemd[1]: Listening on LVM2 poll daemon socket.
[[0;32m  OK  [0m] Listening on LVM2 poll daemon socket.
[   13.774096] systemd[1]: Listening on LVM2 metadata daemon socket.
[[0;32m  OK  [0m] Listening on LVM2 metadata daemon socket.
[   13.835270] systemd[1]: Starting Monitoring of LVM2 mirrors, snapshots etc. using dmeventd or progress polling...
         Starting Monitoring of LVM2 mirrors... dmeventd or progress polling...
[   13.899424] systemd[1]: Reached target Slices.
[[0;32m  OK  [0m] Reached target Slices.
[   13.927116] systemd[1]: Starting Nameserver information manager...
         Starting Nameserver information manager...
[   13.966638] systemd[1]: Listening on udev Kernel Socket.
[[0;32m  OK  [0m] Listening on udev Kernel Socket.
[   13.991724] systemd[1]: Starting Create list of required static device nodes for the current kernel...
         Starting Create list of required st... nodes for the current kernel...
[   14.040183] systemd[1]: Mounted RPC Pipe File System.
[[0;32m  OK  [0m] Mounted RPC Pipe File System.
[   14.078469] systemd[1]: Mounted Debug File System.
[[0;32m  OK  [0m] Mounted Debug File System.
[   14.106380] systemd[1]: Mounted POSIX Message Queue File System.
[[0;32m  OK  [0m] Mounted POSIX Message Queue File System.
[   14.150154] systemd[1]: Mounted Huge Pages File System.
[[0;32m  OK  [0m] Mounted Huge Pages File System.
[   14.187226] systemd[1]: Started Journal Service.
[[0;32m  OK  [0m] Started Journal Service.
[[0;32m  OK  [0m] Started Uncomplicated firewall.
[[0;32m  OK  [0m] Started Load Kernel Modules.
[[0;32m  OK  [0m] Started Set console keymap.
[[0;32m  OK  [0m] Started Remount Root and Kernel File Systems.
[[0;32m  OK  [0m] Started Create list of required sta...ce nodes for the current kernel.
[[0;32m  OK  [0m] Started Nameserver information manager.
[[0;32m  OK  [0m] Started LVM2 metadata daemon.
         Starting Create Static Device Nodes in /dev...
         Starting Load/Save Random Seed...
         Starting udev Coldplug all Devices...
         Mounting FUSE Control File System...
         Starting Apply Kernel Variables...
         Starting Flush Journal to Persistent Storage...
[[0;32m  OK  [0m] Mounted FUSE Control File System.
[[0;32m  OK  [0m] Started Monitoring of LVM2 mirrors,...ng dmeventd or progress polling.
[[0;32m  OK  [0m] Started Create Static Device Nodes in /dev.
[[0;32m  OK  [0m] Started Load/Save Random Seed.
[[0;32m  OK  [0m] Started Apply Kernel Variables.
[[0;32m  OK  [0m] Started udev Coldplug all Devices.
[[0;32m  OK  [0m] Started Flush Journal to Persistent Storage.
         Starting udev Kernel Device Manager...
[[0;32m  OK  [0m] Started udev Kernel Device Manager.
[[0;32m  OK  [0m] Started Dispatch Password Requests to Console Directory Watch.
[[0;32m  OK  [0m] Reached target Local File Systems (Pre).
[[0;32m  OK  [0m] Reached target Local File Systems.
         Starting Initial cloud-init job (pre-networking)...
         Starting Preprocess NFS configuration...
          tarting LSB: AppArmor initialization...
         Starting Set console font and keymap...
         Starting Tell Plymouth To Write Out Runtime Data...
         Starting Create Volatile Files and Directories...
[[0;32m  OK  [0m] Started Preprocess NFS configuration.
[[0;32m  OK  [0m] Started Tell Plymouth To Write Out Runtime Data.
[[0;32m  OK  [0m] Started Create Volatile Files and Directories.
         Starting Update UTMP about System Boot/Shutdown...
[[0;32m  OK  [0m] Reached target NFS client services.
[[0;32m  OK  [0m] Started Update UTMP about System Boot/Shutdown.
[[0;32m  OK  [0m] Started LSB: AppArmor initialization.
[[0;32m  OK  [0m] Found device /dev/ttyS0.
[[0;32m  OK  [0m] Started Set console font and keymap.
[[0;32m  OK  [0m] Created slice system-getty.slice.
[[0;32m  OK  [0m] Found device 82540EM Gigabit Ethern...r (PRO/1000 MT Desktop Adapter).
[[0;32m  OK  [0m] Found device 82540EM Gigabit Ethern...r (PRO/1000 MT Desktop Adapter).
[[0;32m  OK  [0m] Listening on Load/Save RF Kill Switch Status /dev/rfkill Watch.
[[0;32m  OK  [0m] Found device 82540EM Gigabit Ethern...r (PRO/1000 MT Desktop Adapter).
[   13.462276] cloud-init[480]: Cloud-init v. 18.3-9-g2e62cb8a-0ubuntu1~16.04.2 running 'init-local' at Thu, 23 Aug 2018 11:20:54 +0000. Up 12.76 seconds.
[[0;32m  OK  [0m] Started Initial cloud-init job (pre-networking).
[[0;32m  OK  [0m] Reached target Network (Pre).
[[0;32m  OK  [0m] Started ifup for enp0s9.
[[0;32m  OK  [0m] Started ifup for enp0s8.
[[0;32m  OK  [0m] Started ifup for enp0s3.
         Starting Raise network interfaces...
[[0;32m  OK  [0m] Started Raise network interfaces.
         Starting Initial cloud-init job (metadata service crawler)...
[[0;32m  OK  [0m] Reached target Network.
[   16.548170] cloud-init[1184]: Cloud-init v. 18.3-9-g2e62cb8a-0ubuntu1~16.04.2 running 'init' at Thu, 23 Aug 2018 11:20:57 +0000. Up 15.45 seconds.
[   16.601115] cloud-init[1184]: ci-info: ++++++++++++++++++++++++++++++++++++++Net device info+++++++++++++++++++++++++++++++++++++++
[   16.645031] cloud-init[1184]: ci-info: +--------+------+-----------------------------+---------------+--------+-------------------+
[[0;32m  OK  [0m] Started Initial cloud-init job (metadata service crawler).
[   16.692211] cloud-init[1184]: ci-info: | Device |  Up  |           Address           |      Mask     | Scope  |     Hw-Address    |
[   16.828841] cloud-init[1184]: ci-info: +--------+------+-----------------------------+---------------+--------+-------------------+
[[0;32m  OK  [0m] Reached target Network is Online.
[   16.859820] cloud-init[1184]: ci-info: | enp0s3 | True |          10.0.2.15          | 255.255.255.0 | global | 02:48:3e:15:b5:0c |
         Starting iSCSI initiator daemon (iscsid)...
[   16.915952] cloud-init[1184]: ci-info: | enp0s3 | True |  fe80::48:3eff:fe15:b50c/64 |       .       |  link  | 02:48:3e:15:b5:0c |
[[0;32m  OK  [0m] Reached target Cloud-config availability.
[   16.956738] cloud-init[1184]: ci-info: | enp0s8 | True |        192.168.31.10        | 255.255.255.0 | global | 08:00:27:bb:8c:d7 |
[[   16.992264] cloud-init[1184]: ci-info: | enp0s8 | True | fe80::a00:27ff:febb:8cd7/64 |       .       |  link  | 08:00:27:bb:8c:d7 |
[   16.992792] cloud-init[1184]: ci-info: | enp0s9 | True |        192.168.31.10        | 255.255.255.0 | global | 08:00:27:9a:0a:74 |
[   16.992896] cloud-init[1184]: ci-info: | enp0s9 | True |  fe80::a00:27ff:fe9a:a74/64 |       .       |  link  | 08:00:27:9a:0a:74 |
[   16.992982] cloud-init[1184]: ci-info: |   lo   | True |          127.0.0.1          |   255.0.0.0   |  host  |         .         |
[   16.993065] cloud-init[1184]: ci-info: |   lo   | True |           ::1/128           |       .       |  host  |         .         |
[   16.993150] cloud-init[1184]: ci-info: +--------+------+-----------------------------+---------------+--------+-------------------+
[   16.993236] cloud-init[1184]: ci-info: ++++++++++++++++++++++++++++Route IPv4 info++++++++++++++++++++++++++++
[   16.993339] cloud-init[1184]: ci-info: +-------+--------------+----------+---------------+-----------+-------+
[   16.993514] cloud-init[1184]: ci-info: | Route | Destination  | Gateway  |    Genmask    | Interface | Flags |
[   16.993611] cloud-init[1184]: ci-info: +-------+--------------+----------+---------------+-----------+-------+
[   16.993696] cloud-init[1184]: ci-info: |   0   |   0.0.0.0    | 10.0.2.2 |    0.0.0.0    |   enp0s3  |   UG  |
[   16.993791] cloud-init[1184]: ci-info: |   1   |   10.0.2.0   | 0.0.0.0  | 255.255.255.0 |   enp0s3  |   U   |
[   16.993873] cloud-init[1184]: ci-info: |   2   | 192.168.31.0 | 0.0.0.0  | 255.255.255.0 |   enp0s9  |   U   |
[   16.994289] cloud-init[1184]: ci-info: |   3   | 192.168.31.0 | 0.0.0.0  | 255.255.255.0 |   enp0s8  |   U   |
[   16.994380] cloud-init[1184]: ci-info: +-------+--------------+----------+---------------+-----------+-------+
[   16.994464] cloud-init[1184]: ci-info: +++++++++++++++++++Route IPv6 info+++++++++++++++++++
[   16.994548] cloud-init[1184]: ci-info: +-------+-------------+---------+-----------+-------+
[   16.994637] cloud-init[1184]: ci-info: | Route | Destination | Gateway | Interface | Flags |
[   16.994719] cloud-init[1184]: ci-info: +-------+-------------+---------+-----------+-------+
[   16.994809] cloud-init[1184]: ci-info: |   0   |  fe80::/64  |    ::   |   enp0s9  |   U   |
[   16.994892] cloud-init[1184]: ci-info: |   1   |  fe80::/64  |    ::   |   enp0s8  |   U   |
[   16.994976] cloud-init[1184]: ci-info: |   2   |  fe80::/64  |    ::   |   enp0s3  |   U   |
[   16.995059] cloud-init[1184]: ci-info: |   8   |   ff00::/8  |    ::   |   enp0s9  |   U   |
[   16.995141] cloud-init[1184]: ci-info: |   9   |   ff00::/8  |    ::   |   enp0s8  |   U   |
[   16.995225] cloud-init[1184]: ci-info: |   10  |   ff00::/8  |    ::   |   enp0s3  |   U   |
[   16.995308] cloud-init[1184]: ci-info: +-------+-------------+---------+-----------+-------+
[0;32m  OK  [0m] Reached target System Initialization.
         Starting LXD - unix socket.
[[0;32m  OK  [0m] Listening on ACPID Listen Socket.
[[0;32m  OK  [0m] Listening on D-Bus System Message Bus Socket.
         Starting Socket activation for snappy daemon.
[[0;32m  OK  [0m] Listening on RPCbind Server Activation Socket.
[[0;32m  OK  [0m] Listening on UUID daemon activation socket.
[[0;32m  OK  [0m] Started Daily apt download activities.
[[0;32m  OK  [0m] Started Daily apt upgrade and clean activities.
[[0;32m  OK  [0m] Started Clean PHP session files every 30 mins.
[[0;32m  OK  [0m] Started ACPI Events Check.
[[0;32m  OK  [0m] Reached target Paths.
[[0;32m  OK  [0m] Started Daily Cleanup of Temporary Directories.
[[0;32m  OK  [0m] Reached target Timers.
[[0;32m  OK  [0m] Listening on LXD - unix socket.
[[0;32m  OK  [0m] Listening on Socket activation for snappy daemon.
[[0;32m  OK  [0m] Started iSCSI initiator daemon (iscsid).
         Starting Login to default iSCSI targets...
[[0;32m  OK  [0m] Reached target Sockets.
[[0;32m  OK  [0m] Reached target Basic System.
[[0;32m  OK  [0m] Started FUSE filesystem for LXC.
         Starting System Logging Service...
[[0;32m  OK  [0m] Started Deferred execution scheduler.
         Starting Login Service...
         Starting Clean php session files...
         Starting /etc/rc.local Compatibility...
[[0;32m  OK  [0m] Started D-Bus System Message Bus.
[[0;32m  OK  [0m] Started ACPI event daemon.
         Starting MySQL Community Server...
         Starting LSB: Record successful boot for GRUB...
[[0;32m  OK  [0m] Started Unattended Upgrades Shutdown.
[[0;32m  OK  [0m] Started Regular background program processing daemon.
         Starting Virtualbox guest utils...
         Starting Snappy daemon...
         Starting Accounts Service...
         Starting OpenBSD Secure Shell server...
         Starting LSB: MD monitoring daemon...
         Starting LXD - container startup/shutdown...
[[0;32m  OK  [0m] Started System Logging Service.
[[0;32m  OK  [0m] Started /etc/rc.local Compatibility.
[[0;32m  OK  [0m] Started Login to default iSCSI targets.
[[0;32m  OK  [0m] Started OpenBSD Secure Shell server.
[[0;32m  OK  [0m] Reached target Remote File Systems (Pre).
[[0;32m  OK  [0m] Reached target Remote File Systems.
         Starting LSB: Apache2 web server...
         Starting LSB: Set the CPU Frequency Scaling governor to "ondemand"...
         Starting LSB: automatic crash report generation...
         Starting Permit User Sessions...
         Starting LSB: daemon to balance interrupts for SMP systems...
[[0;32m  OK  [0m] Started LSB: Record successful boot for GRUB.
[[0;32m  OK  [0m] Started Permit User Sessions.
[[0;32m  OK  [0m] Started Login Service.
[[0;32m  OK  [0m] Started LSB: MD monitoring daemon.
         Starting Authenticate and Authorize Users to Run Privileged Tasks...
         Starting Terminate Plymouth Boot Screen...
         Starting Hold until boot process finishes up...
[[0;32m  OK  [0m] Started Terminate Plymouth Boot Screen.
[[0;32m  OK  [0m] Started Hold until boot process finishes up.
[[0;32m  OK  [0m] Started Getty on tty1.
[[0;32m  OK  [0m] Started Serial Getty on ttyS0.
[[0;32m  OK  [0m] Reached target Login Prompts.
         Starting Set console scheme...
[[0;32m  OK  [0m] Started LXD - container startup/shutdown.
[[0;32m  OK  [0m] Started LSB: Set the CPU Frequency Scaling governor to "ondemand".
[[0;32m  OK  [0m] Started Set console scheme.
[[0;32m  OK  [0m] Started LSB: automatic crash report generation.
[[0;32m  OK  [0m] Started LSB: daemon to balance interrupts for SMP systems.
[[0;32m  OK  [0m] Started Authenticate and Authorize Users to Run Privileged Tasks.
[[0;32m  OK  [0m] Started Accounts Service.
[[0;32m  OK  [0m] Started Snappy daemon.
         Starting Wait until snapd is fully seeded...
[[0;32m  OK  [0m] Started Virtualbox guest utils.
[[0;32m  OK  [0m] Created slice User Slice of vagrant.
         Starting User Manager for UID 1000...
[[0;32m  OK  [0m] Started Session 1 of user vagrant.
[[0;32m  OK  [0m] Started User Manager for UID 1000.
[[0;32m  OK  [0m] Started Wait until snapd is fully seeded.
         Starting Apply the settings specified in cloud-config...
[[0;32m  OK  [0m] Started Clean php session files.
[[0;32m  OK  [0m] Started LSB: Apache2 web server.
[[0;32m  OK  [0m] Started MySQL Community Server.
[[0;32m  OK  [0m] Reached target Multi-User System.
[[0;32m  OK  [0m] Reached target Graphical Interface.
         Starting Update UTMP about System Runlevel Changes...
[[0;32m  OK  [0m] Started Update UTMP about System Runlevel Changes.
[   22.701091] cloud-init[1524]: Cloud-init v. 18.3-9-g2e62cb8a-0ubuntu1~16.04.2 running 'modules:config' at Thu, 23 Aug 2018 11:21:04 +0000. Up 22.31 seconds.
[[0;32m  OK  [0m] Started Apply the settings specified in cloud-config.
         Starting Execute cloud user/final scripts...
[   23.911450] cloud-init[1780]: Cloud-init v. 18.3-9-g2e62cb8a-0ubuntu1~16.04.2 running 'modules:final' at Thu, 23 Aug 2018 11:21:05 +0000. Up 23.65 seconds.
[   23.978056] cloud-init[1780]: Cloud-init v. 18.3-9-g2e62cb8a-0ubuntu1~16.04.2 finished at Thu, 23 Aug 2018 11:21:05 +0000. Datasource DataSourceNoCloud [seed=/dev/sdb][dsmode=net].  Up 23.89 seconds
[[0;32m  OK  [0m] Started Execute cloud user/final scripts.
[[0;32m  OK  [0m] Reached target Cloud-init target.

Ubuntu 16.04.5 LTS islr ttyS0

islr login: 